<?xml version="1.0" encoding="UTF-8"?>
<testng-results ignored="0" total="1" passed="1" failed="0" skipped="0">
  <reporter-output>
  </reporter-output>
  <suite started-at="2023-06-07T12:16:55 IST" name="Default suite" finished-at="2023-06-07T12:17:08 IST" duration-ms="12231">
    <groups>
    </groups>
    <test started-at="2023-06-07T12:16:55 IST" name="Default test" finished-at="2023-06-07T12:17:08 IST" duration-ms="12231">
      <class name="com.practice.testng.testdd">
        <test-method is-config="true" signature="setup()[pri:0, instance:com.practice.testng.testdd@52b1beb6]" started-at="2023-06-07T12:16:56 IST" name="setup" finished-at="2023-06-07T12:17:07 IST" duration-ms="11415" status="PASS">
          <reporter-output>
          </reporter-output>
        </test-method> <!-- setup -->
        <test-method signature="login(java.lang.String,java.lang.String)[pri:0, instance:com.practice.testng.testdd@52b1beb6]" started-at="2023-06-07T12:17:07 IST" name="login" data-provider="Excel_Data" finished-at="2023-06-07T12:17:07 IST" duration-ms="175" status="PASS">
          <params>
            <param index="0">
              <value>
                <![CDATA[adf]]>
              </value>
            </param>
            <param index="1">
              <value>
                <![CDATA[dgs]]>
              </value>
            </param>
          </params>
          <reporter-output>
          </reporter-output>
        </test-method> <!-- login -->
        <test-method is-config="true" signature="teardown()[pri:0, instance:com.practice.testng.testdd@52b1beb6]" started-at="2023-06-07T12:17:07 IST" name="teardown" finished-at="2023-06-07T12:17:08 IST" duration-ms="292" status="PASS">
          <reporter-output>
          </reporter-output>
        </test-method> <!-- teardown -->
      </class> <!-- com.practice.testng.testdd -->
    </test> <!-- Default test -->
  </suite> <!-- Default suite -->
</testng-results>
